<?xml version="1.0" encoding="UTF-8" ?>
<testsuite tests="2" failures="0" name="ee.ut.smarttool.DB.AttackDBServiceTest" time="0.038" errors="2" skipped="0">
  <properties>
[...]
</properties>
  <testcase classname="ee.ut.smarttool.DB.AttackDBServiceTest" name="testUpdateAttack" time="0.008">
    <error message="no such column: success" type="java.sql.SQLException">java.sql.SQLException: no such column: success
	at org.sqlite.NativeDB.throwex(NativeDB.java:210)
	at org.sqlite.NativeDB._exec(Native Method)
	at org.sqlite.Stmt.executeUpdate(Stmt.java:152)
	at ee.ut.smarttool.DB.DB.executeQuery(DB.java:39)
	at ee.ut.smarttool.DB.AttackDBService.updateAttack(AttackDBService.java:34)
	at ee.ut.smarttool.DB.AttackDBServiceTest.testUpdateAttack(AttackDBServiceTest.java:25)
	at sun.reflect.NativeMethodAccessorImpl.invoke0(Native Method)
	at sun.reflect.NativeMethodAccessorImpl.invoke(NativeMethodAccessorImpl.java:62)
	at sun.reflect.DelegatingMethodAccessorImpl.invoke(DelegatingMethodAccessorImpl.java:43)
	at java.lang.reflect.Method.invoke(Method.java:497)
	at org.junit.runners.model.FrameworkMethod$1.runReflectiveCall(FrameworkMethod.java:50)
	at org.junit.internal.runners.model.ReflectiveCallable.run(ReflectiveCallable.java:12)
	at org.junit.runners.model.FrameworkMethod.invokeExplosively(FrameworkMethod.java:47)
	at org.junit.internal.runners.statements.InvokeMethod.evaluate(InvokeMethod.java:17)
	at org.junit.internal.runners.statements.RunBefores.evaluate(RunBefores.java:26)
	at org.junit.runners.ParentRunner.runLeaf(ParentRunner.java:325)
	at org.junit.runners.BlockJUnit4ClassRunner.runChild(BlockJUnit4ClassRunner.java:78)
	at org.junit.runners.BlockJUnit4ClassRunner.runChild(BlockJUnit4ClassRunner.java:57)
	at org.junit.runners.ParentRunner$3.run(ParentRunner.java:290)
	at org.junit.runners.ParentRunner$1.schedule(ParentRunner.java:71)
	at org.junit.runners.ParentRunner.runChildren(ParentRunner.java:288)
	at org.junit.runners.ParentRunner.access$000(ParentRunner.java:58)
	at org.junit.runners.ParentRunner$2.evaluate(ParentRunner.java:268)
	at org.junit.runners.ParentRunner.run(ParentRunner.java:363)
	at org.apache.maven.surefire.junit4.JUnit4TestSet.execute(JUnit4TestSet.java:53)
	at org.apache.maven.surefire.junit4.JUnit4Provider.executeTestSet(JUnit4Provider.java:123)
	at org.apache.maven.surefire.junit4.JUnit4Provider.invoke(JUnit4Provider.java:104)
	at sun.reflect.NativeMethodAccessorImpl.invoke0(Native Method)
	at sun.reflect.NativeMethodAccessorImpl.invoke(NativeMethodAccessorImpl.java:62)
	at sun.reflect.DelegatingMethodAccessorImpl.invoke(DelegatingMethodAccessorImpl.java:43)
	at java.lang.reflect.Method.invoke(Method.java:497)
	at org.apache.maven.surefire.util.ReflectionUtils.invokeMethodWithArray(ReflectionUtils.java:164)
	at org.apache.maven.surefire.booter.ProviderFactory$ProviderProxy.invoke(ProviderFactory.java:110)
	at org.apache.maven.surefire.booter.SurefireStarter.invokeProvider(SurefireStarter.java:175)
	at org.apache.maven.surefire.booter.SurefireStarter.runSuitesInProcessWhenForked(SurefireStarter.java:107)
	at org.apache.maven.surefire.booter.ForkedBooter.main(ForkedBooter.java:68)
</error>
    <system-out>C:\Users\Salman\Desktop\Courses\Thesis\Code\ADTool2-master\project\target\classes\db\smartADTool.sqlite
update attack set name=&apos;SQL Injection&apos;,description=&apos;Injecting sql&apos;,threatAgent_id=3,asset_id=3,success=&apos;3&apos;,times=&apos;3&apos;,probability=&apos;0.6&apos;,countermeasure_id=2,operation=&apos;Or&apos;,cost_of_damage=&apos;10000&apos;,cost_of_attack=&apos;5000&apos;,impact_id=&apos;1&apos; where id=1
</system-out>
  </testcase>
  <testcase classname="ee.ut.smarttool.DB.AttackDBServiceTest" name="testInsertAttack" time="0.027">
    <error message="table attack has no column named date" type="java.sql.SQLException">java.sql.SQLException: table attack has no column named date
	at org.sqlite.NativeDB.throwex(NativeDB.java:210)
	at org.sqlite.NativeDB._exec(Native Method)
	at org.sqlite.Stmt.executeUpdate(Stmt.java:152)
	at ee.ut.smarttool.DB.DB.executeQuery(DB.java:39)
	at ee.ut.smarttool.DB.AttackDBService.insertAttack(AttackDBService.java:23)
	at ee.ut.smarttool.DB.AttackDBServiceTest.testInsertAttack(AttackDBServiceTest.java:19)
	at sun.reflect.NativeMethodAccessorImpl.invoke0(Native Method)
	at sun.reflect.NativeMethodAccessorImpl.invoke(NativeMethodAccessorImpl.java:62)
	at sun.reflect.DelegatingMethodAccessorImpl.invoke(DelegatingMethodAccessorImpl.java:43)
	at java.lang.reflect.Method.invoke(Method.java:497)
	at org.junit.runners.model.FrameworkMethod$1.runReflectiveCall(FrameworkMethod.java:50)
	at org.junit.internal.runners.model.ReflectiveCallable.run(ReflectiveCallable.java:12)
	at org.junit.runners.model.FrameworkMethod.invokeExplosively(FrameworkMethod.java:47)
	at org.junit.internal.runners.statements.InvokeMethod.evaluate(InvokeMethod.java:17)
	at org.junit.internal.runners.statements.RunBefores.evaluate(RunBefores.java:26)
	at org.junit.runners.ParentRunner.runLeaf(ParentRunner.java:325)
	at org.junit.runners.BlockJUnit4ClassRunner.runChild(BlockJUnit4ClassRunner.java:78)
	at org.junit.runners.BlockJUnit4ClassRunner.runChild(BlockJUnit4ClassRunner.java:57)
	at org.junit.runners.ParentRunner$3.run(ParentRunner.java:290)
	at org.junit.runners.ParentRunner$1.schedule(ParentRunner.java:71)
	at org.junit.runners.ParentRunner.runChildren(ParentRunner.java:288)
	at org.junit.runners.ParentRunner.access$000(ParentRunner.java:58)
	at org.junit.runners.ParentRunner$2.evaluate(ParentRunner.java:268)
	at org.junit.runners.ParentRunner.run(ParentRunner.java:363)
	at org.apache.maven.surefire.junit4.JUnit4TestSet.execute(JUnit4TestSet.java:53)
	at org.apache.maven.surefire.junit4.JUnit4Provider.executeTestSet(JUnit4Provider.java:123)
	at org.apache.maven.surefire.junit4.JUnit4Provider.invoke(JUnit4Provider.java:104)
	at sun.reflect.NativeMethodAccessorImpl.invoke0(Native Method)
	at sun.reflect.NativeMethodAccessorImpl.invoke(NativeMethodAccessorImpl.java:62)
	at sun.reflect.DelegatingMethodAccessorImpl.invoke(DelegatingMethodAccessorImpl.java:43)
	at java.lang.reflect.Method.invoke(Method.java:497)
	at org.apache.maven.surefire.util.ReflectionUtils.invokeMethodWithArray(ReflectionUtils.java:164)
	at org.apache.maven.surefire.booter.ProviderFactory$ProviderProxy.invoke(ProviderFactory.java:110)
	at org.apache.maven.surefire.booter.SurefireStarter.invokeProvider(SurefireStarter.java:175)
	at org.apache.maven.surefire.booter.SurefireStarter.runSuitesInProcessWhenForked(SurefireStarter.java:107)
	at org.apache.maven.surefire.booter.ForkedBooter.main(ForkedBooter.java:68)
</error>
    <system-out>C:\Users\Salman\Desktop\Courses\Thesis\Code\ADTool2-master\project\target\classes\db\smartADTool.sqlite
insert into  attack ( name,description,threatAgent_id,asset_id,date,success,times,probability,countermeasure_id,operation,cost_of_damage,cost_of_attack,impact_id) values(&apos;DDOS&apos;,&apos;So many connection&apos;,&apos;3&apos;,&apos;3&apos;,&apos;03/22/2017 10:57:18&apos;,&apos;3&apos;,&apos;3&apos;,&apos;0.6&apos;,&apos;2&apos;,&apos;Or&apos;,&apos;10000&apos;,&apos;5000&apos;,&apos;1&apos;)
</system-out>
  </testcase>
</testsuite>